TN:
SF:script/Counter.s.sol
DA:10,0
FN:10,CounterScript.setUp
FNDA:0,CounterScript.setUp
DA:12,0
FN:12,CounterScript.run
FNDA:0,CounterScript.run
DA:13,0
DA:15,0
DA:17,0
FNF:2
FNH:0
LF:5
LH:0
BRF:0
BRH:0
end_of_record
TN:
SF:script/Upgrade.s.sol
DA:52,0
FN:52,Deploy.run.0
FNDA:0,Deploy.run.0
DA:53,0
DA:56,0
DA:57,0
DA:59,0
BRDA:59,0,0,-
BRDA:59,0,1,-
DA:60,0
BRDA:60,1,0,-
BRDA:60,1,1,-
DA:62,0
DA:63,0
DA:64,0
DA:67,0
DA:68,0
DA:70,0
DA:71,0
DA:73,0
DA:79,0
DA:80,0
DA:81,0
DA:84,0
DA:89,0
DA:93,0
DA:94,0
DA:95,0
DA:100,0
DA:101,0
BRDA:101,2,0,-
BRDA:101,2,1,-
DA:103,0
DA:108,0
DA:112,0
DA:113,0
DA:114,0
DA:117,0
DA:118,0
DA:119,0
DA:121,0
DA:123,0
DA:125,0
DA:140,0
FN:140,ProposeUpgrade.run.1
FNDA:0,ProposeUpgrade.run.1
DA:141,0
DA:143,0
DA:144,0
DA:145,0
DA:147,0
BRDA:147,3,0,-
BRDA:147,3,1,-
DA:148,0
BRDA:148,4,0,-
BRDA:148,4,1,-
DA:149,0
BRDA:149,5,0,-
BRDA:149,5,1,-
DA:151,0
DA:153,0
DA:154,0
DA:155,0
DA:156,0
DA:159,0
DA:160,0
DA:162,0
DA:163,0
DA:166,0
DA:171,0
DA:177,0
DA:182,0
DA:183,0
DA:185,0
DA:190,0
DA:191,0
DA:193,0
DA:195,0
DA:198,0
FN:198,ProposeUpgrade.scheduleUpgrade
FNDA:0,ProposeUpgrade.scheduleUpgrade
DA:204,0
DA:205,0
DA:206,0
DA:207,0
DA:208,0
DA:211,0
DA:221,0
DA:230,0
FN:230,ExecuteUpgrade.run.2
FNDA:0,ExecuteUpgrade.run.2
DA:231,0
DA:233,0
DA:234,0
DA:235,0
DA:237,0
BRDA:237,6,0,-
BRDA:237,6,1,-
DA:238,0
BRDA:238,7,0,-
BRDA:238,7,1,-
DA:239,0
BRDA:239,8,0,-
BRDA:239,8,1,-
DA:241,0
DA:243,0
DA:244,0
DA:245,0
DA:246,0
DA:249,0
DA:250,0
DA:256,0
DA:264,0
DA:265,0
DA:267,0
FNF:4
FNH:0
LF:89
LH:0
BRF:18
BRH:0
end_of_record
TN:
SF:script/check-health.s.sol
DA:26,0
FN:26,HealthCheckScript.run
FNDA:0,HealthCheckScript.run
DA:27,0
DA:28,0
DA:30,0
BRDA:30,0,0,-
BRDA:30,0,1,-
DA:31,0
BRDA:31,1,0,-
BRDA:31,1,1,-
DA:33,0
DA:34,0
DA:36,0
DA:39,0
DA:40,0
DA:41,0
DA:42,0
DA:43,0
DA:44,0
DA:45,0
DA:46,0
DA:47,0
DA:48,0
DA:49,0
DA:50,0
DA:51,0
DA:53,0
BRDA:53,2,0,-
DA:54,0
DA:55,0
DA:56,0
DA:58,0
DA:61,0
DA:62,0
DA:65,0
BRDA:65,3,0,-
BRDA:65,3,1,-
DA:68,0
FN:68,HealthCheckScript.checkHealth
FNDA:0,HealthCheckScript.checkHealth
DA:73,0
DA:74,0
DA:75,0
DA:77,0
DA:80,0
BRDA:80,4,0,-
DA:81,0
DA:88,0
DA:89,0
DA:93,0
BRDA:93,5,0,-
DA:94,0
DA:95,0
DA:96,0
DA:100,0
BRDA:100,6,0,-
DA:101,0
DA:102,0
DA:103,0
DA:107,0
BRDA:107,7,0,-
DA:108,0
DA:111,0
DA:114,0
FN:114,HealthCheckScript._toString
FNDA:0,HealthCheckScript._toString
DA:115,0
BRDA:115,8,0,-
DA:117,0
DA:118,0
DA:120,0
DA:121,0
DA:122,0
DA:125,0
DA:127,0
DA:128,0
DA:129,0
DA:130,0
DA:133,0
FNF:3
FNH:0
LF:62
LH:0
BRF:12
BRH:0
end_of_record
TN:
SF:script/deploy.s.sol
DA:24,0
FN:24,DeployEcochain.run
FNDA:0,DeployEcochain.run
DA:25,0
DA:26,0
DA:28,0
DA:29,0
DA:30,0
DA:32,0
DA:35,0
DA:36,0
DA:37,0
DA:38,0
DA:41,0
DA:42,0
DA:43,0
DA:47,0
BRDA:47,0,0,-
BRDA:47,0,1,-
DA:48,0
DA:49,0
DA:51,0
DA:55,0
BRDA:55,1,0,-
BRDA:55,1,1,-
DA:56,0
DA:57,0
DA:58,0
DA:59,0
DA:61,0
DA:64,0
DA:67,0
FN:67,DeployEcochain._envOr
FNDA:0,DeployEcochain._envOr
DA:68,0
BRDA:68,2,0,-
DA:69,0
DA:70,0
BRDA:70,2,1,-
DA:71,0
DA:75,0
FN:75,DeployEcochain._envOrUint
FNDA:0,DeployEcochain._envOrUint
DA:76,0
BRDA:76,3,0,-
DA:77,0
DA:78,0
BRDA:78,3,1,-
DA:79,0
FNF:3
FNH:0
LF:35
LH:0
BRF:8
BRH:0
end_of_record
TN:
SF:src/Counter.sol
DA:7,258
FN:7,Counter.setNumber
FNDA:258,Counter.setNumber
DA:8,258
DA:11,1
FN:11,Counter.increment
FNDA:1,Counter.increment
DA:12,1
FNF:2
FNH:2
LF:4
LH:4
BRF:0
BRH:0
end_of_record
TN:
SF:src/EcoReward.sol
DA:44,51
FN:44,EcoReward.constructor
FNDA:51,EcoReward.constructor
DA:47,51
BRDA:47,0,0,-
DA:48,51
BRDA:48,1,0,-
DA:49,51
DA:50,51
DA:51,51
DA:60,149
FN:60,EcoReward.mint
FNDA:149,EcoReward.mint
DA:61,148
BRDA:61,2,0,-
DA:62,148
BRDA:62,3,0,-
DA:63,148
DA:64,148
BRDA:64,4,0,1
DA:65,147
DA:66,147
BRDA:66,5,0,-
DA:70,1
FN:70,EcoReward.pause
FNDA:1,EcoReward.pause
DA:71,1
DA:75,0
FN:75,EcoReward.unpause
FNDA:0,EcoReward.unpause
DA:76,0
DA:81,0
FN:81,EcoReward.supportsInterface
FNDA:0,EcoReward.supportsInterface
DA:88,0
FNF:5
FNH:3
LF:19
LH:15
BRF:6
BRH:1
end_of_record
TN:
SF:src/EcoVerifier.sol
DA:98,13
FN:98,EcoVerifier.constructor
FNDA:13,EcoVerifier.constructor
DA:101,13
BRDA:101,0,0,-
DA:102,0
DA:104,13
DA:105,13
DA:106,13
DA:107,13
DA:108,13
DA:120,13
FN:120,EcoVerifier.setTask
FNDA:13,EcoVerifier.setTask
DA:126,13
BRDA:126,1,0,-
BRDA:126,1,1,13
DA:127,13
DA:133,13
DA:136,1
FN:136,EcoVerifier.setTaskActive
FNDA:1,EcoVerifier.setTaskActive
DA:137,1
DA:138,1
BRDA:138,2,0,-
DA:139,1
DA:140,1
DA:158,12
FN:158,EcoVerifier.submitProof
FNDA:12,EcoVerifier.submitProof
DA:166,11
BRDA:166,3,0,1
DA:167,10
BRDA:167,4,0,-
DA:169,10
DA:170,10
BRDA:170,5,0,1
DA:171,9
BRDA:171,6,0,1
DA:172,8
BRDA:172,7,0,1
DA:173,1
BRDA:173,8,0,1
DA:175,6
DA:176,6
BRDA:176,9,0,1
DA:180,5
DA:191,5
DA:192,5
DA:193,5
BRDA:193,10,0,2
DA:196,3
DA:198,3
DA:202,3
DA:204,3
DA:209,1
FN:209,EcoVerifier.pause
FNDA:1,EcoVerifier.pause
DA:210,1
DA:213,0
FN:213,EcoVerifier.unpause
FNDA:0,EcoVerifier.unpause
DA:214,0
DA:220,0
FN:220,EcoVerifier.domainSeparator
FNDA:0,EcoVerifier.domainSeparator
DA:221,0
DA:225,12
FN:225,EcoVerifier.hashAttestation
FNDA:12,EcoVerifier.hashAttestation
DA:233,12
DA:236,12
FNF:8
FNH:6
LF:44
LH:39
BRF:12
BRH:8
end_of_record
TN:
SF:src/EcoVerifierV2.sol
DA:95,0
FN:95,EcoVerifierV2.constructor
FNDA:0,EcoVerifierV2.constructor
DA:96,0
DA:106,0
FN:106,EcoVerifierV2.initialize
FNDA:0,EcoVerifierV2.initialize
DA:111,0
BRDA:111,0,0,-
DA:112,0
DA:115,0
DA:116,0
DA:117,0
DA:119,0
DA:121,0
DA:122,0
DA:123,0
DA:124,0
DA:133,0
FN:133,EcoVerifierV2._authorizeUpgrade
FNDA:0,EcoVerifierV2._authorizeUpgrade
DA:134,0
DA:139,0
FN:139,EcoVerifierV2.setTask
FNDA:0,EcoVerifierV2.setTask
DA:145,0
BRDA:145,1,0,-
BRDA:145,1,1,-
DA:146,0
DA:152,0
DA:155,0
FN:155,EcoVerifierV2.setTaskActive
FNDA:0,EcoVerifierV2.setTaskActive
DA:156,0
DA:157,0
BRDA:157,2,0,-
DA:158,0
DA:159,0
DA:164,0
FN:164,EcoVerifierV2.submitProof
FNDA:0,EcoVerifierV2.submitProof
DA:172,0
BRDA:172,3,0,-
DA:173,0
BRDA:173,4,0,-
DA:175,0
DA:176,0
BRDA:176,5,0,-
DA:177,0
BRDA:177,6,0,-
DA:178,0
BRDA:178,7,0,-
DA:179,0
BRDA:179,8,0,-
DA:181,0
DA:182,0
BRDA:182,9,0,-
DA:184,0
DA:195,0
DA:196,0
DA:197,0
BRDA:197,10,0,-
DA:199,0
DA:201,0
DA:204,0
DA:206,0
DA:211,0
FN:211,EcoVerifierV2.pause
FNDA:0,EcoVerifierV2.pause
DA:212,0
DA:215,0
FN:215,EcoVerifierV2.unpause
FNDA:0,EcoVerifierV2.unpause
DA:216,0
DA:223,0
FN:223,EcoVerifierV2.updateOracle
FNDA:0,EcoVerifierV2.updateOracle
DA:227,0
BRDA:227,11,0,-
DA:229,0
DA:230,0
DA:232,0
DA:237,0
FN:237,EcoVerifierV2.domainSeparator
FNDA:0,EcoVerifierV2.domainSeparator
DA:238,0
DA:241,0
FN:241,EcoVerifierV2.hashAttestation
FNDA:0,EcoVerifierV2.hashAttestation
DA:249,0
DA:252,0
FNF:11
FNH:0
LF:56
LH:0
BRF:13
BRH:0
end_of_record
TN:
SF:src/Staking.sol
DA:93,28
FN:93,Staking.constructor
FNDA:28,Staking.constructor
DA:94,28
BRDA:94,0,0,-
BRDA:94,0,1,28
DA:95,28
DA:96,28
DA:108,34
FN:108,Staking.stake
FNDA:34,Staking.stake
DA:115,33
BRDA:115,1,0,1
BRDA:115,1,1,32
DA:118,32
BRDA:118,2,0,1
BRDA:118,2,1,31
DA:124,31
DA:127,31
DA:130,31
DA:131,31
DA:133,31
DA:134,31
DA:135,31
DA:136,31
DA:137,31
DA:138,31
DA:139,31
DA:140,31
DA:141,31
DA:142,31
DA:145,31
DA:148,31
DA:150,31
DA:159,9
FN:159,Staking.unstake
FNDA:9,Staking.unstake
DA:165,9
DA:168,9
BRDA:168,3,0,1
BRDA:168,3,1,8
DA:169,8
BRDA:169,4,0,1
BRDA:169,4,1,7
DA:172,7
DA:175,7
DA:178,7
DA:179,2
BRDA:179,5,0,2
DA:180,2
DA:184,7
DA:187,7
DA:188,7
DA:189,7
DA:190,7
DA:193,7
DA:196,7
DA:206,7
DA:217,8
FN:217,Staking.calculateAccruedRewards
FNDA:8,Staking.calculateAccruedRewards
DA:222,15
DA:225,0
BRDA:225,6,0,-
DA:226,0
DA:230,15
DA:231,15
BRDA:231,7,0,7
DA:232,7
DA:235,15
DA:236,15
DA:239,15
BRDA:239,8,0,2
DA:240,2
DA:247,13
DA:248,13
DA:252,13
DA:255,13
DA:256,13
DA:257,586
DA:259,586
BRDA:259,9,0,586
DA:263,13
DA:265,13
BRDA:265,10,0,13
DA:266,13
DA:269,0
DA:275,4
FN:275,Staking.getAPYForDuration
FNDA:4,Staking.getAPYForDuration
DA:280,35
BRDA:280,11,0,21
BRDA:280,11,1,-
DA:281,21
DA:282,14
BRDA:282,12,0,7
BRDA:282,12,1,-
DA:283,7
DA:284,7
BRDA:284,13,0,2
BRDA:284,13,1,-
DA:285,2
DA:286,5
BRDA:286,14,0,5
DA:287,5
DA:290,0
DA:298,2
FN:298,Staking.getUserStakes
FNDA:2,Staking.getUserStakes
DA:303,2
DA:309,10
FN:309,Staking.getStakeDetails
FNDA:10,Staking.getStakeDetails
DA:314,10
DA:320,0
FN:320,Staking.getAccruedRewards
FNDA:0,Staking.getAccruedRewards
DA:325,0
DA:331,2
FN:331,Staking.getTotalStaked
FNDA:2,Staking.getTotalStaked
DA:336,2
DA:337,2
DA:338,4
BRDA:338,15,0,3
DA:339,3
DA:350,3
FN:350,Staking.emergencyPause
FNDA:3,Staking.emergencyPause
DA:351,2
DA:352,2
DA:358,1
FN:358,Staking.emergencyUnpause
FNDA:1,Staking.emergencyUnpause
DA:359,1
DA:360,1
DA:366,0
FN:366,Staking.recoverTokens
FNDA:0,Staking.recoverTokens
DA:373,0
BRDA:373,16,0,-
BRDA:373,16,1,-
DA:374,0
FNF:12
FNH:10
LF:93
LH:84
BRF:26
BRH:19
end_of_record
TN:
SF:src/StakingV2.sol
DA:119,0
FN:119,StakingV2.constructor
FNDA:0,StakingV2.constructor
DA:120,0
DA:128,0
FN:128,StakingV2.initialize
FNDA:0,StakingV2.initialize
DA:129,0
BRDA:129,0,0,-
DA:131,0
DA:132,0
DA:134,0
DA:135,0
DA:144,0
FN:144,StakingV2._authorizeUpgrade
FNDA:0,StakingV2._authorizeUpgrade
DA:145,0
DA:157,0
FN:157,StakingV2.stake
FNDA:0,StakingV2.stake
DA:163,0
BRDA:163,1,0,-
DA:166,0
DA:167,0
DA:168,0
DA:169,0
DA:170,0
BRDA:170,2,0,-
DA:172,0
DA:175,0
DA:178,0
DA:179,0
DA:181,0
DA:182,0
DA:183,0
DA:184,0
DA:185,0
DA:186,0
DA:187,0
DA:188,0
DA:189,0
DA:190,0
DA:193,0
DA:195,0
DA:197,0
DA:206,0
FN:206,StakingV2.unstake
FNDA:0,StakingV2.unstake
DA:212,0
DA:214,0
BRDA:214,3,0,-
DA:215,0
BRDA:215,4,0,-
DA:217,0
DA:218,0
DA:220,0
DA:221,0
BRDA:221,5,0,-
DA:222,0
DA:225,0
DA:227,0
DA:228,0
DA:229,0
DA:230,0
DA:232,0
DA:234,0
DA:244,0
DA:255,0
FN:255,StakingV2.calculateAccruedRewards
FNDA:0,StakingV2.calculateAccruedRewards
DA:260,0
DA:262,0
BRDA:262,6,0,-
DA:263,0
DA:266,0
DA:267,0
BRDA:267,7,0,-
DA:268,0
DA:271,0
DA:272,0
DA:274,0
BRDA:274,8,0,-
DA:275,0
DA:278,0
DA:279,0
DA:281,0
DA:283,0
DA:284,0
DA:285,0
DA:286,0
BRDA:286,9,0,-
DA:289,0
DA:291,0
BRDA:291,10,0,-
DA:292,0
DA:295,0
DA:301,0
FN:301,StakingV2.getAPYForDuration
FNDA:0,StakingV2.getAPYForDuration
DA:306,0
BRDA:306,11,0,-
DA:307,0
BRDA:307,12,0,-
DA:308,0
BRDA:308,13,0,-
DA:309,0
BRDA:309,14,0,-
DA:311,0
DA:316,0
FN:316,StakingV2.getUserStakes
FNDA:0,StakingV2.getUserStakes
DA:321,0
DA:324,0
FN:324,StakingV2.getStakeDetails
FNDA:0,StakingV2.getStakeDetails
DA:329,0
DA:332,0
FN:332,StakingV2.getAccruedRewards
FNDA:0,StakingV2.getAccruedRewards
DA:337,0
DA:340,0
FN:340,StakingV2.getTotalStaked
FNDA:0,StakingV2.getTotalStaked
DA:345,0
DA:346,0
DA:347,0
BRDA:347,15,0,-
DA:348,0
DA:359,0
FN:359,StakingV2.emergencyPause
FNDA:0,StakingV2.emergencyPause
DA:360,0
DA:361,0
DA:364,0
FN:364,StakingV2.emergencyUnpause
FNDA:0,StakingV2.emergencyUnpause
DA:365,0
DA:366,0
DA:373,0
FN:373,StakingV2.recoverTokens
FNDA:0,StakingV2.recoverTokens
DA:377,0
BRDA:377,16,0,-
DA:378,0
FNF:14
FNH:0
LF:99
LH:0
BRF:17
BRH:0
end_of_record
TN:
SF:src/StakingV3.sol
DA:80,10
FN:80,StakingV3.constructor
FNDA:10,StakingV3.constructor
DA:81,10
DA:84,10
FN:84,StakingV3.initialize
FNDA:10,StakingV3.initialize
DA:85,10
BRDA:85,0,0,-
DA:86,10
DA:87,10
DA:88,10
DA:89,10
DA:90,10
DA:91,10
DA:92,10
DA:93,10
DA:96,40
FN:96,StakingV3._initializeRewardPool
FNDA:40,StakingV3._initializeRewardPool
DA:97,40
DA:98,40
DA:99,40
DA:102,0
FN:102,StakingV3._authorizeUpgrade
FNDA:0,StakingV3._authorizeUpgrade
DA:103,0
DA:106,2816
FN:106,StakingV3._rewardPerToken
FNDA:2816,StakingV3._rewardPerToken
DA:107,2816
DA:108,2816
BRDA:108,1,0,1280
DA:109,1536
DA:110,1536
BRDA:110,2,0,1024
DA:111,512
DA:112,512
DA:115,2816
FN:115,StakingV3._updateRewardPool
FNDA:2816,StakingV3._updateRewardPool
DA:116,2816
DA:117,2816
DA:118,2816
DA:121,2304
FN:121,StakingV3._calculatePendingRewards
FNDA:2304,StakingV3._calculatePendingRewards
DA:122,2304
DA:123,2304
BRDA:123,3,0,-
DA:124,2304
DA:125,2304
DA:126,2304
BRDA:126,4,0,256
DA:127,2048
DA:128,2048
DA:131,2304
FN:131,StakingV3.stake
FNDA:2304,StakingV3.stake
DA:132,2304
BRDA:132,5,0,-
DA:133,2304
BRDA:133,6,0,-
DA:135,2304
DA:136,2304
DA:138,2304
DA:140,2304
DA:141,2304
DA:142,2304
DA:144,2304
DA:159,2304
DA:160,2304
DA:161,2304
DA:163,2304
DA:166,512
FN:166,StakingV3.unstake
FNDA:512,StakingV3.unstake
DA:167,512
DA:168,512
BRDA:168,7,0,-
DA:169,0
BRDA:169,8,0,-
DA:171,512
DA:172,512
DA:173,512
DA:174,512
DA:175,512
DA:177,512
DA:178,512
DA:179,512
DA:180,512
DA:182,512
DA:183,512
DA:184,512
DA:186,512
DA:187,512
DA:190,1792
FN:190,StakingV3.calculateAccruedRewards
FNDA:1792,StakingV3.calculateAccruedRewards
DA:191,1792
DA:192,0
BRDA:192,9,0,-
DA:193,1792
DA:196,4
FN:196,StakingV3.getAPYForDuration
FNDA:4,StakingV3.getAPYForDuration
DA:197,4
DA:200,0
FN:200,StakingV3.getUserStakes
FNDA:0,StakingV3.getUserStakes
DA:201,0
DA:204,6506
FN:204,StakingV3.getStakeDetails
FNDA:6506,StakingV3.getStakeDetails
DA:205,6506
DA:208,0
FN:208,StakingV3.getTotalStaked
FNDA:0,StakingV3.getTotalStaked
DA:209,0
DA:210,0
DA:211,0
BRDA:211,10,0,-
DA:215,0
FN:215,StakingV3.emergencyPause
FNDA:0,StakingV3.emergencyPause
DA:216,0
DA:217,0
DA:220,0
FN:220,StakingV3.emergencyUnpause
FNDA:0,StakingV3.emergencyUnpause
DA:221,0
DA:222,0
DA:225,0
FN:225,StakingV3.recoverTokens
FNDA:0,StakingV3.recoverTokens
DA:226,0
BRDA:226,11,0,-
DA:227,0
FNF:17
FNH:11
LF:92
LH:73
BRF:12
BRH:3
end_of_record
